# JRE version: OpenJDK Runtime Environment (8.0_45-b13) (build 1.8.0_45-b13)
# Java VM: OpenJDK 64-Bit Server VM (25.45-b02 mixed mode linux-amd64 compressed oops)
Heap:
 PSYoungGen      total 340480K, used 0K [0x00000000d6f00000, 0x00000000f5500000, 0x0000000100000000)
  eden space 188416K, 0% used [0x00000000d6f00000,0x00000000d6f00000,0x00000000e2700000)
  from space 152064K, 0% used [0x00000000ebe80000,0x00000000ebe80000,0x00000000f5300000)
  to   space 154624K, 13% used [0x00000000e2700000,0x00000000e3b775c8,0x00000000ebe00000)
 ParOldGen       total 526336K, used 525944K [0x0000000084c00000, 0x00000000a4e00000, 0x00000000d6f00000)
  object space 526336K, 99% used [0x0000000084c00000,0x00000000a4d9e210,0x00000000a4e00000)
 Metaspace       used 2837K, capacity 4486K, committed 4864K, reserved 1056768K
  class space    used 263K, capacity 386K, committed 512K, reserved 1048576K
GC Heap History (10 events):
Event: 7.665 GC heap after
Heap after GC invocations=13 (full 2):
 PSYoungGen      total 257024K, used 121848K [0x00000000d6f00000, 0x00000000f5300000, 0x0000000100000000)
  eden space 135168K, 0% used [0x00000000d6f00000,0x00000000d6f00000,0x00000000df300000)
  from space 121856K, 99% used [0x00000000df300000,0x00000000e69fe200,0x00000000e6a00000)
  to   space 152064K, 0% used [0x00000000ebe80000,0x00000000ebe80000,0x00000000f5300000)
 ParOldGen       total 254464K, used 225496K [0x0000000084c00000, 0x0000000094480000, 0x00000000d6f00000)
  object space 254464K, 88% used [0x0000000084c00000,0x0000000092836070,0x0000000094480000)
 Metaspace       used 2837K, capacity 4486K, committed 4864K, reserved 1056768K
  class space    used 263K, capacity 386K, committed 512K, reserved 1048576K
}
Event: 7.665 GC heap before
{Heap before GC invocations=14 (full 3):
 PSYoungGen      total 257024K, used 121848K [0x00000000d6f00000, 0x00000000f5300000, 0x0000000100000000)
  eden space 135168K, 0% used [0x00000000d6f00000,0x00000000d6f00000,0x00000000df300000)
  from space 121856K, 99% used [0x00000000df300000,0x00000000e69fe200,0x00000000e6a00000)
  to   space 152064K, 0% used [0x00000000ebe80000,0x00000000ebe80000,0x00000000f5300000)
 ParOldGen       total 254464K, used 225496K [0x0000000084c00000, 0x0000000094480000, 0x00000000d6f00000)
  object space 254464K, 88% used [0x0000000084c00000,0x0000000092836070,0x0000000094480000)
 Metaspace       used 2837K, capacity 4486K, committed 4864K, reserved 1056768K
  class space    used 263K, capacity 386K, committed 512K, reserved 1048576K
Event: 10.639 GC heap after
Heap after GC invocations=14 (full 3):
 PSYoungGen      total 257024K, used 85372K [0x00000000d6f00000, 0x00000000f5300000, 0x0000000100000000)
  eden space 135168K, 0% used [0x00000000d6f00000,0x00000000d6f00000,0x00000000df300000)
  from space 121856K, 70% used [0x00000000df300000,0x00000000e465f370,0x00000000e6a00000)
  to   space 152064K, 0% used [0x00000000ebe80000,0x00000000ebe80000,0x00000000f5300000)
 ParOldGen       total 378880K, used 254167K [0x0000000084c00000, 0x000000009be00000, 0x00000000d6f00000)
  object space 378880K, 67% used [0x0000000084c00000,0x0000000094435c78,0x000000009be00000)
 Metaspace       used 2837K, capacity 4486K, committed 4864K, reserved 1056768K
  class space    used 263K, capacity 386K, committed 512K, reserved 1048576K
}
Event: 31.714 GC heap before
{Heap before GC invocations=15 (full 3):
 PSYoungGen      total 257024K, used 220540K [0x00000000d6f00000, 0x00000000f5300000, 0x0000000100000000)
  eden space 135168K, 100% used [0x00000000d6f00000,0x00000000df300000,0x00000000df300000)
  from space 121856K, 70% used [0x00000000df300000,0x00000000e465f370,0x00000000e6a00000)
  to   space 152064K, 0% used [0x00000000ebe80000,0x00000000ebe80000,0x00000000f5300000)
 ParOldGen       total 378880K, used 254167K [0x0000000084c00000, 0x000000009be00000, 0x00000000d6f00000)
  object space 378880K, 67% used [0x0000000084c00000,0x0000000094435c78,0x000000009be00000)
 Metaspace       used 2837K, capacity 4486K, committed 4864K, reserved 1056768K
  class space    used 263K, capacity 386K, committed 512K, reserved 1048576K
Event: 74.041 GC heap after
Heap after GC invocations=15 (full 3):
 PSYoungGen      total 340480K, used 91488K [0x00000000d6f00000, 0x00000000f5500000, 0x0000000100000000)
  eden space 188416K, 0% used [0x00000000d6f00000,0x00000000d6f00000,0x00000000e2700000)
  from space 152064K, 60% used [0x00000000ebe80000,0x00000000f17d8000,0x00000000f5300000)
  to   space 154624K, 0% used [0x00000000e2700000,0x00000000e2700000,0x00000000ebe00000)
 ParOldGen       total 378880K, used 303687K [0x0000000084c00000, 0x000000009be00000, 0x00000000d6f00000)
  object space 378880K, 80% used [0x0000000084c00000,0x0000000097491c78,0x000000009be00000)
 Metaspace       used 2837K, capacity 4486K, committed 4864K, reserved 1056768K
  class space    used 263K, capacity 386K, committed 512K, reserved 1048576K
}
Event: 74.341 GC heap before
{Heap before GC invocations=16 (full 3):
 PSYoungGen      total 340480K, used 279904K [0x00000000d6f00000, 0x00000000f5500000, 0x0000000100000000)
  eden space 188416K, 100% used [0x00000000d6f00000,0x00000000e2700000,0x00000000e2700000)
  from space 152064K, 60% used [0x00000000ebe80000,0x00000000f17d8000,0x00000000f5300000)
  to   space 154624K, 0% used [0x00000000e2700000,0x00000000e2700000,0x00000000ebe00000)
 ParOldGen       total 378880K, used 303687K [0x0000000084c00000, 0x000000009be00000, 0x00000000d6f00000)
  object space 378880K, 80% used [0x0000000084c00000,0x0000000097491c78,0x000000009be00000)
 Metaspace       used 2837K, capacity 4486K, committed 4864K, reserved 1056768K
  class space    used 263K, capacity 386K, committed 512K, reserved 1048576K
Event: 81.831 GC heap after
Heap after GC invocations=16 (full 3):
 PSYoungGen      total 340480K, used 279904K [0x00000000d6f00000, 0x00000000f5500000, 0x0000000100000000)
  eden space 188416K, 100% used [0x00000000d6f00000,0x00000000e2700000,0x00000000e2700000)
  from space 152064K, 60% used [0x00000000ebe80000,0x00000000f17d8000,0x00000000f5300000)
  to   space 154624K, 59% used [0x00000000e2700000,0x00000000e80212f0,0x00000000ebe00000)
 ParOldGen       total 394752K, used 393487K [0x0000000084c00000, 0x000000009cd80000, 0x00000000d6f00000)
  object space 394752K, 99% used [0x0000000084c00000,0x000000009cc43c78,0x000000009cd80000)
 Metaspace       used 2837K, capacity 4486K, committed 4864K, reserved 1056768K
  class space    used 263K, capacity 386K, committed 512K, reserved 1048576K
}
Event: 81.831 GC heap before
{Heap before GC invocations=17 (full 4):
 PSYoungGen      total 340480K, used 279904K [0x00000000d6f00000, 0x00000000f5500000, 0x0000000100000000)
  eden space 188416K, 100% used [0x00000000d6f00000,0x00000000e2700000,0x00000000e2700000)
  from space 152064K, 60% used [0x00000000ebe80000,0x00000000f17d8000,0x00000000f5300000)
  to   space 154624K, 59% used [0x00000000e2700000,0x00000000e80212f0,0x00000000ebe00000)
 ParOldGen       total 394752K, used 393487K [0x0000000084c00000, 0x000000009cd80000, 0x00000000d6f00000)
  object space 394752K, 99% used [0x0000000084c00000,0x000000009cc43c78,0x000000009cd80000)
 Metaspace       used 2837K, capacity 4486K, committed 4864K, reserved 1056768K
  class space    used 263K, capacity 386K, committed 512K, reserved 1048576K
Event: 83.945 GC heap after
Heap after GC invocations=17 (full 4):
 PSYoungGen      total 340480K, used 0K [0x00000000d6f00000, 0x00000000f5500000, 0x0000000100000000)
  eden space 188416K, 0% used [0x00000000d6f00000,0x00000000d6f00000,0x00000000e2700000)
  from space 152064K, 0% used [0x00000000ebe80000,0x00000000ebe80000,0x00000000f5300000)
  to   space 154624K, 58% used [0x00000000e2700000,0x00000000e7ff75e8,0x00000000ebe00000)
 ParOldGen       total 526336K, used 378602K [0x0000000084c00000, 0x00000000a4e00000, 0x00000000d6f00000)
  object space 526336K, 71% used [0x0000000084c00000,0x000000009bdbaa40,0x00000000a4e00000)
 Metaspace       used 2837K, capacity 4486K, committed 4864K, reserved 1056768K
  class space    used 263K, capacity 386K, committed 512K, reserved 1048576K
}
Event: 85.907 GC heap before
{Heap before GC invocations=18 (full 5):
 PSYoungGen      total 340480K, used 188416K [0x00000000d6f00000, 0x00000000f5500000, 0x0000000100000000)
  eden space 188416K, 100% used [0x00000000d6f00000,0x00000000e2700000,0x00000000e2700000)
  from space 152064K, 0% used [0x00000000ebe80000,0x00000000ebe80000,0x00000000f5300000)
  to   space 154624K, 58% used [0x00000000e2700000,0x00000000e7ff75e8,0x00000000ebe00000)
 ParOldGen       total 526336K, used 378602K [0x0000000084c00000, 0x00000000a4e00000, 0x00000000d6f00000)
  object space 526336K, 71% used [0x0000000084c00000,0x000000009bdbaa40,0x00000000a4e00000)
 Metaspace       used 2837K, capacity 4486K, committed 4864K, reserved 1056768K
  class space    used 263K, capacity 386K, committed 512K, reserved 1048576K

